0 info it worked if it ends with ok
1 verbose cli [ 'C:\\Program Files\\nodejs\\node.exe',
1 verbose cli   'C:\\Users\\shawn\\AppData\\Roaming\\npm\\node_modules\\npm\\bin\\npm-cli.js',
1 verbose cli   'run',
1 verbose cli   'server' ]
2 info using npm@3.10.9
3 info using node@v6.10.3
4 verbose run-script [ 'preserver', 'server', 'postserver' ]
5 info lifecycle mytest2@1.0.0~preserver: mytest2@1.0.0
6 silly lifecycle mytest2@1.0.0~preserver: no script for preserver, continuing
7 info lifecycle mytest2@1.0.0~server: mytest2@1.0.0
8 verbose lifecycle mytest2@1.0.0~server: unsafe-perm in lifecycle true
9 verbose lifecycle mytest2@1.0.0~server: PATH: C:\Users\shawn\AppData\Roaming\npm\node_modules\npm\bin\node-gyp-bin;C:\Users\shawn\git\mytest2\node_modules\.bin;C:\Program Files\Git\mingw64\bin;C:\Program Files\Git\usr\bin;C:\Users\shawn\bin;C:\Program Files (x86)\Windows Resource Kits\Tools;C:\Program Files (x86)\Common Files\Intel\Shared Files\cpp\bin\Intel64;C:\Program Files\Common Files\Microsoft Shared\Windows Live;C:\Program Files (x86)\Common Files\Microsoft Shared\Windows Live;C:\Program Files (x86)\Intel\iCLS Client;C:\Program Files\Intel\iCLS Client;C:\Windows\system32;C:\Windows;C:\Windows\System32\Wbem;C:\Windows\System32\WindowsPowerShell\v1.0;C:\Program Files\Intel\Intel(R) Management Engine Components\DAL;C:\Program Files\Intel\Intel(R) Management Engine Components\IPT;C:\Program Files (x86)\Intel\Intel(R) Management Engine Components\DAL;C:\Program Files (x86)\Intel\Intel(R) Management Engine Components\IPT;C:\Program Files (x86)\Intel\OpenCL SDK\2.0\bin\x86;C:\Program Files (x86)\Intel\OpenCL SDK\2.0\bin\x64;C:\Program Files\Common Files\Lenovo;C:\Program Files (x86)\Common Files\Ulead Systems\MPEG;C:\Program Files (x86)\Windows Live\Shared;C:\SWTOOLS\ReadyApps;C:\Program Files (x86)\Common Files\Lenovo;C:\Program Files (x86)\Microsoft SQL Server\100\Tools\Binn;C:\Program Files\Microsoft SQL Server\100\Tools\Binn;C:\Program Files\Microsoft SQL Server\100\DTS\Binn;C:\lib;C:\Program Files (x86)\Java\jdk1.7.0_10\bin;C:\Program Files (x86)\swipl\bin;C:\Program Files\TortoiseSVN\bin;C:\Program Files (x86)\MiKTeX 2.9\miktex\bin;C:\Program Files (x86)\SMLNJ\bin;C:\Users\shawn\Downloads\android\adt-bundle-windows-x86_64-20131030\sdk\platform-tools;C:\Program Files (x86)\Microsoft SQL Server\100\Tools\Binn\VSShell\Common7\IDE;C:\Program Files (x86)\Microsoft SQL Server\100\DTS\Binn;C:\Program Files (x86)\Skype\Phone;C:\Program Files (x86)\Windows Kits\8.0\Windows Performance Toolkit;C:\Program Files\Microsoft SQL Server\110\Tools\Binn;C:\Program Files\MATLAB\R2011b\runtime\win64;C:\Program Files\MATLAB\R2011b\bin;C:\Program Files\Git\cmd;C:\Python27;C:\Python27\Scripts;C:\Program Files\nodejs;C:\Program Files (x86)\Yarn\bin;C:\Wind\Wind.NET.Client\WindNET\bin;C:\Python27;C:\Program Files\MongoDB\Server\3.4\bin;C:\Users\shawn\AppData\Roaming\npm;C:\Program Files\Heroku\bin;C:\Program Files (x86)\Yarn\bin;C:\Program Files\Microsoft VS Code\bin
10 verbose lifecycle mytest2@1.0.0~server: CWD: C:\Users\shawn\git\mytest2
11 silly lifecycle mytest2@1.0.0~server: Args: [ '/d /s /c', 'webpack-dev-server' ]
12 silly lifecycle mytest2@1.0.0~server: Returned: code: 3221225786  signal: null
13 info lifecycle mytest2@1.0.0~server: Failed to exec server script
14 verbose stack Error: mytest2@1.0.0 server: `webpack-dev-server`
14 verbose stack Exit status 3221225786
14 verbose stack     at EventEmitter.<anonymous> (C:\Users\shawn\AppData\Roaming\npm\node_modules\npm\lib\utils\lifecycle.js:255:16)
14 verbose stack     at emitTwo (events.js:106:13)
14 verbose stack     at EventEmitter.emit (events.js:191:7)
14 verbose stack     at ChildProcess.<anonymous> (C:\Users\shawn\AppData\Roaming\npm\node_modules\npm\lib\utils\spawn.js:40:14)
14 verbose stack     at emitTwo (events.js:106:13)
14 verbose stack     at ChildProcess.emit (events.js:191:7)
14 verbose stack     at maybeClose (internal/child_process.js:886:16)
14 verbose stack     at Process.ChildProcess._handle.onexit (internal/child_process.js:226:5)
15 verbose pkgid mytest2@1.0.0
16 verbose cwd C:\Users\shawn\git\mytest2
17 error Windows_NT 6.1.7601
18 error argv "C:\\Program Files\\nodejs\\node.exe" "C:\\Users\\shawn\\AppData\\Roaming\\npm\\node_modules\\npm\\bin\\npm-cli.js" "run" "server"
19 error node v6.10.3
20 error npm  v3.10.9
21 error code ELIFECYCLE
22 error mytest2@1.0.0 server: `webpack-dev-server`
22 error Exit status 3221225786
23 error Failed at the mytest2@1.0.0 server script 'webpack-dev-server'.
23 error Make sure you have the latest version of node.js and npm installed.
23 error If you do, this is most likely a problem with the mytest2 package,
23 error not with npm itself.
23 error Tell the author that this fails on your system:
23 error     webpack-dev-server
23 error You can get information on how to open an issue for this project with:
23 error     npm bugs mytest2
23 error Or if that isn't available, you can get their info via:
23 error     npm owner ls mytest2
23 error There is likely additional logging output above.
24 verbose exit [ 1, true ]
